<?xml version="1.0" encoding="UTF-8"?>
<!-- Generated by org.testng.reporters.JUnitXMLReporter -->
<testsuite ignored="0" hostname="Akhila_29" failures="0" tests="2" name="ErrorValidationsTest" time="23.7" errors="0" timestamp="2023-03-24T12:54:35 IST">
  <testcase classname="Selenium.tests.ErrorValidationsTest" name="loginErrorValidation" time="1.089"/>
  <testcase classname="Selenium.tests.ErrorValidationsTest" name="productErrorValidation" time="13.299"/>
</testsuite> <!-- ErrorValidationsTest -->
