<?xml version="1.0" encoding="UTF-8"?>
<!-- Generated by org.testng.reporters.JUnitXMLReporter -->
<testsuite ignored="0" hostname="Akhila_29" failures="0" tests="3" name="StandaloneTest" time="21.966" errors="0" timestamp="2023-03-24T12:54:34 IST">
  <testcase classname="Selenium.tests.StandaloneTest" name="submitOrder" time="4.495"/>
  <testcase classname="Selenium.tests.StandaloneTest" name="submitOrder" time="4.515"/>
  <testcase classname="Selenium.tests.StandaloneTest" name="orderHistoryTest" time="0.855"/>
</testsuite> <!-- StandaloneTest -->
