<?xml version="1.0" encoding="UTF-8"?>
<!-- Generated by org.testng.reporters.JUnitXMLReporter -->
<testsuite ignored="1" hostname="Akhila_29" failures="0" tests="2" name="StandaloneTest" time="63.16" errors="0" timestamp="2023-03-24T12:43:45 IST">
  <testcase classname="Selenium.tests.StandaloneTest" name="submitOrder" time="25.022"/>
  <testcase classname="Selenium.tests.StandaloneTest" name="submitOrder" time="24.967"/>
  <testcase classname="Selenium.tests.StandaloneTest" name="orderHistoryTest" time="0.0">
    <ignored/>
  </testcase> <!-- orderHistoryTest -->
</testsuite> <!-- StandaloneTest -->
