<?xml version="1.0" encoding="UTF-8"?>
<testng-results ignored="3" total="5" passed="2" failed="0" skipped="0">
  <reporter-output>
  </reporter-output>
  <suite started-at="2023-03-24T12:42:42 IST" name="Suite" finished-at="2023-03-24T12:43:45 IST" duration-ms="63160">
    <groups>
      <group name="Purchase">
        <method signature="StandaloneTest.submitOrder(java.util.HashMap)[pri:0, instance:Selenium.tests.StandaloneTest@3bb9a3ff]" name="submitOrder" class="Selenium.tests.StandaloneTest"/>
      </group> <!-- Purchase -->
    </groups>
    <test started-at="2023-03-24T12:42:42 IST" name="ErrorValidationsTest" finished-at="2023-03-24T12:42:42 IST" duration-ms="13">
    </test> <!-- ErrorValidationsTest -->
    <test started-at="2023-03-24T12:42:42 IST" name="StandaloneTest" finished-at="2023-03-24T12:43:45 IST" duration-ms="63160">
      <class name="Selenium.tests.StandaloneTest">
        <test-method is-config="true" signature="launchApp()[pri:0, instance:Selenium.tests.StandaloneTest@3bb9a3ff]" started-at="2023-03-24T12:42:42 IST" name="launchApp" finished-at="2023-03-24T12:42:49 IST" duration-ms="7264" status="PASS">
          <reporter-output>
          </reporter-output>
        </test-method> <!-- launchApp -->
        <test-method signature="submitOrder(java.util.HashMap)[pri:0, instance:Selenium.tests.StandaloneTest@3bb9a3ff]" started-at="2023-03-24T12:42:49 IST" name="submitOrder" data-provider="getData" finished-at="2023-03-24T12:43:14 IST" duration-ms="25022" status="PASS">
          <params>
            <param index="0">
              <value>
                <![CDATA[{password=Mangoes@7, product=ADIDAS ORIGINAL, email=sangeethareddy1229@gmail.com}]]>
              </value>
            </param>
          </params>
          <reporter-output>
          </reporter-output>
        </test-method> <!-- submitOrder -->
        <test-method is-config="true" signature="closeBrowser()[pri:0, instance:Selenium.tests.StandaloneTest@3bb9a3ff]" started-at="2023-03-24T12:43:14 IST" name="closeBrowser" finished-at="2023-03-24T12:43:14 IST" duration-ms="99" status="PASS">
          <reporter-output>
          </reporter-output>
        </test-method> <!-- closeBrowser -->
        <test-method is-config="true" signature="launchApp()[pri:0, instance:Selenium.tests.StandaloneTest@3bb9a3ff]" started-at="2023-03-24T12:43:14 IST" name="launchApp" finished-at="2023-03-24T12:43:20 IST" duration-ms="5385" status="PASS">
          <reporter-output>
          </reporter-output>
        </test-method> <!-- launchApp -->
        <test-method signature="submitOrder(java.util.HashMap)[pri:0, instance:Selenium.tests.StandaloneTest@3bb9a3ff]" started-at="2023-03-24T12:43:20 IST" name="submitOrder" data-provider="getData" finished-at="2023-03-24T12:43:45 IST" duration-ms="24967" status="PASS">
          <params>
            <param index="0">
              <value>
                <![CDATA[{password=Mangoes@7, product=IPHONE 13 PRO, email=sangeethareddy1209@gmail.com}]]>
              </value>
            </param>
          </params>
          <reporter-output>
          </reporter-output>
        </test-method> <!-- submitOrder -->
        <test-method is-config="true" signature="closeBrowser()[pri:0, instance:Selenium.tests.StandaloneTest@3bb9a3ff]" started-at="2023-03-24T12:43:45 IST" name="closeBrowser" finished-at="2023-03-24T12:43:45 IST" duration-ms="92" status="PASS">
          <reporter-output>
          </reporter-output>
        </test-method> <!-- closeBrowser -->
      </class> <!-- Selenium.tests.StandaloneTest -->
    </test> <!-- StandaloneTest -->
  </suite> <!-- Suite -->
</testng-results>
